11/21/2017 4:20:24 AM Info ICD Started
11/21/2017 4:27:18 AM Warning Image customization functionality is disabled because imaging tools are not installed.
11/21/2017 4:27:21 AM Warning Exception on reading AutoLaunchConfigScenarioId. المفتاح 'AutoLaunchConfigScenarioId' غير موجود في مقطع التكوين appSettings.
11/21/2017 4:27:21 AM Warning Exception on reading ICDWindowTitle. المفتاح 'ICDWindowTitle' غير موجود في مقطع التكوين appSettings.
11/21/2017 4:27:21 AM Warning Exception on reading ICDWindowHeight. المفتاح 'ICDWindowHeight' غير موجود في مقطع التكوين appSettings.
11/21/2017 4:27:21 AM Warning Exception on reading ICDWindowWidth. المفتاح 'ICDWindowWidth' غير موجود في مقطع التكوين appSettings.
11/21/2017 4:27:21 AM Warning Exception on reading ICDWindowMinHeight. المفتاح 'ICDWindowMinHeight' غير موجود في مقطع التكوين appSettings.
11/21/2017 4:27:21 AM Warning Exception on reading ICDWindowMinWidth. المفتاح 'ICDWindowMinWidth' غير موجود في مقطع التكوين appSettings.
11/21/2017 4:27:21 AM Warning Exception on reading ICDWindowState. المفتاح 'ICDWindowState' غير موجود في مقطع التكوين appSettings.
11/21/2017 4:27:48 AM Info Loaded Knobs schema hive at C:\Program Files\WindowsApps\Microsoft.WindowsConfigurationDesigner_1000.15063.1.0_x86__8wekyb3d8bbwe\Microsoft-Common-Provisioning.dat
11/21/2017 4:27:48 AM Error WpxGetFileEdition (onecore\base\ntsetup\wpx\core\store.cpp:103) - 0x80070002:
11/21/2017 4:27:48 AM Error     No SKU information file C:\Program Files\WindowsApps\Microsoft.WindowsConfigurationDesigner_1000.15063.1.0_x86__8wekyb3d8bbwe\Microsoft-Common-Provisioning.sku.xml available for store file C:\Program Files\WindowsApps\Microsoft.WindowsConfigurationDesigner_1000.15063.1.0_x86__8wekyb3d8bbwe\Microsoft-Common-Provisioning.dat
11/21/2017 4:27:48 AM Info Loaded settings from Windows Unknown Unknown
11/21/2017 4:27:48 AM Info Loaded Knobs schema hive at C:\Program Files\WindowsApps\Microsoft.WindowsConfigurationDesigner_1000.15063.1.0_x86__8wekyb3d8bbwe\Microsoft-Desktop-Provisioning.dat
11/21/2017 4:27:48 AM Error WpxGetFileEdition (onecore\base\ntsetup\wpx\core\store.cpp:103) - 0x80070002:
11/21/2017 4:27:48 AM Error     No SKU information file C:\Program Files\WindowsApps\Microsoft.WindowsConfigurationDesigner_1000.15063.1.0_x86__8wekyb3d8bbwe\Microsoft-Desktop-Provisioning.sku.xml available for store file C:\Program Files\WindowsApps\Microsoft.WindowsConfigurationDesigner_1000.15063.1.0_x86__8wekyb3d8bbwe\Microsoft-Desktop-Provisioning.dat
11/21/2017 4:27:48 AM Info Loaded settings from Windows Unknown Unknown
11/21/2017 4:42:59 AM Info Loaded Knobs schema hive at C:\Program Files\WindowsApps\Microsoft.WindowsConfigurationDesigner_1000.15063.1.0_x86__8wekyb3d8bbwe\Microsoft-Common-Provisioning.dat
11/21/2017 4:42:59 AM Error WpxGetFileEdition (onecore\base\ntsetup\wpx\core\store.cpp:103) - 0x80070002:
11/21/2017 4:42:59 AM Error     No SKU information file C:\Program Files\WindowsApps\Microsoft.WindowsConfigurationDesigner_1000.15063.1.0_x86__8wekyb3d8bbwe\Microsoft-Common-Provisioning.sku.xml available for store file C:\Program Files\WindowsApps\Microsoft.WindowsConfigurationDesigner_1000.15063.1.0_x86__8wekyb3d8bbwe\Microsoft-Common-Provisioning.dat
11/21/2017 4:42:59 AM Info Loaded settings from Windows Unknown Unknown
11/21/2017 4:42:59 AM Info Loaded Knobs schema hive at C:\Program Files\WindowsApps\Microsoft.WindowsConfigurationDesigner_1000.15063.1.0_x86__8wekyb3d8bbwe\Microsoft-Desktop-Provisioning.dat
11/21/2017 4:42:59 AM Error WpxGetFileEdition (onecore\base\ntsetup\wpx\core\store.cpp:103) - 0x80070002:
11/21/2017 4:42:59 AM Error     No SKU information file C:\Program Files\WindowsApps\Microsoft.WindowsConfigurationDesigner_1000.15063.1.0_x86__8wekyb3d8bbwe\Microsoft-Desktop-Provisioning.sku.xml available for store file C:\Program Files\WindowsApps\Microsoft.WindowsConfigurationDesigner_1000.15063.1.0_x86__8wekyb3d8bbwe\Microsoft-Desktop-Provisioning.dat
11/21/2017 4:42:59 AM Info Loaded settings from Windows Unknown Unknown
11/21/2017 4:44:38 AM Info Stopping server
